{"timestamp": 2020-01-17 10:40:30,972 "level": INFO "event": Starting PaymentApplication on Dipalis-MacBook-Pro.local with PID 52401 (/Users/dipaliprakashkelkar/Desktop/payment/build/classes/java/main started by dipaliprakashkelkar in /Users/dipaliprakashkelkar/Desktop/payment)}
{"timestamp": 2020-01-17 10:40:30,975 "level": DEBUG "event": Running with Spring Boot v2.2.1.RELEASE, Spring v5.2.1.RELEASE}
{"timestamp": 2020-01-17 10:40:30,976 "level": INFO "event": No active profile set, falling back to default profiles: default}
{"timestamp": 2020-01-17 10:40:31,571 "level": INFO "event": Bootstrapping Spring Data repositories in DEFAULT mode.}
{"timestamp": 2020-01-17 10:40:31,612 "level": INFO "event": Finished Spring Data repository scanning in 36ms. Found 2 repository interfaces.}
{"timestamp": 2020-01-17 10:40:31,839 "level": INFO "event": Bean 'org.springframework.transaction.annotation.ProxyTransactionManagementConfiguration' of type [org.springframework.transaction.annotation.ProxyTransactionManagementConfiguration] is not eligible for getting processed by all BeanPostProcessors (for example: not eligible for auto-proxying)}
{"timestamp": 2020-01-17 10:40:32,009 "level": INFO "event": Tomcat initialized with port(s): 8080 (http)}
{"timestamp": 2020-01-17 10:40:32,017 "level": INFO "event": Initializing ProtocolHandler ["http-nio-8080"]}
{"timestamp": 2020-01-17 10:40:32,017 "level": INFO "event": Starting service [Tomcat]}
{"timestamp": 2020-01-17 10:40:32,018 "level": INFO "event": Starting Servlet engine: [Apache Tomcat/9.0.27]}
{"timestamp": 2020-01-17 10:40:32,094 "level": INFO "event": Initializing Spring embedded WebApplicationContext}
{"timestamp": 2020-01-17 10:40:32,095 "level": INFO "event": Root WebApplicationContext: initialization completed in 1084 ms}
{"timestamp": 2020-01-17 10:40:32,215 "level": INFO "event": Flyway Community Edition 5.2.3 by Boxfuse}
{"timestamp": 2020-01-17 10:40:32,217 "level": INFO "event": HikariPool-1 - Starting...}
{"timestamp": 2020-01-17 10:40:32,284 "level": INFO "event": HikariPool-1 - Start completed.}
{"timestamp": 2020-01-17 10:40:32,291 "level": INFO "event": Database: jdbc:postgresql://localhost:5432/postgres (PostgreSQL 12.0)}
{"timestamp": 2020-01-17 10:40:32,301 "level": WARN "event": Flyway upgrade recommended: PostgreSQL 12.0 is newer than this version of Flyway and support has not been tested.}
{"timestamp": 2020-01-17 10:40:32,337 "level": INFO "event": Successfully validated 2 migrations (execution time 00:00.016s)}
{"timestamp": 2020-01-17 10:40:32,349 "level": INFO "event": Creating Schema History table: "public"."flyway_schema_history"}
{"timestamp": 2020-01-17 10:40:32,378 "level": INFO "event": Current version of schema "public": << Empty Schema >>}
{"timestamp": 2020-01-17 10:40:32,379 "level": INFO "event": Migrating schema "public" to version 1 - payment Table}
{"timestamp": 2020-01-17 10:40:32,409 "level": INFO "event": Migrating schema "public" to version 2 - bank info Table}
{"timestamp": 2020-01-17 10:40:32,432 "level": INFO "event": Successfully applied 2 migrations to schema "public" (execution time 00:00.085s)}
{"timestamp": 2020-01-17 10:40:32,505 "level": INFO "event": HHH000204: Processing PersistenceUnitInfo [name: default]}
{"timestamp": 2020-01-17 10:40:32,543 "level": INFO "event": HHH000412: Hibernate Core {5.4.8.Final}}
{"timestamp": 2020-01-17 10:40:32,621 "level": INFO "event": HCANN000001: Hibernate Commons Annotations {5.1.0.Final}}
{"timestamp": 2020-01-17 10:40:32,689 "level": INFO "event": HHH000400: Using dialect: org.hibernate.dialect.PostgreSQL10Dialect}
{"timestamp": 2020-01-17 10:40:33,334 "level": INFO "event": HHH000490: Using JtaPlatform implementation: [org.hibernate.engine.transaction.jta.platform.internal.NoJtaPlatform]}
{"timestamp": 2020-01-17 10:40:33,339 "level": INFO "event": Initialized JPA EntityManagerFactory for persistence unit 'default'}
{"timestamp": 2020-01-17 10:40:33,705 "level": WARN "event": spring.jpa.open-in-view is enabled by default. Therefore, database queries may be performed during view rendering. Explicitly configure spring.jpa.open-in-view to disable this warning}
{"timestamp": 2020-01-17 10:40:33,818 "level": INFO "event": Mapped URL path [/v2/api-docs] onto method [springfox.documentation.swagger2.web.Swagger2Controller#getDocumentation(String, HttpServletRequest)]}
{"timestamp": 2020-01-17 10:40:33,908 "level": INFO "event": Initializing ExecutorService 'applicationTaskExecutor'}
{"timestamp": 2020-01-17 10:40:34,034 "level": INFO "event": Context refreshed}
{"timestamp": 2020-01-17 10:40:34,044 "level": INFO "event": Found 1 custom documentation plugin(s)}
{"timestamp": 2020-01-17 10:40:34,061 "level": INFO "event": Scanning for api listing references}
{"timestamp": 2020-01-17 10:40:34,162 "level": INFO "event": Starting ProtocolHandler ["http-nio-8080"]}
{"timestamp": 2020-01-17 10:40:34,214 "level": INFO "event": Tomcat started on port(s): 8080 (http) with context path ''}
{"timestamp": 2020-01-17 10:40:34,217 "level": INFO "event": Started PaymentApplication in 8.635 seconds (JVM running for 9.633)}
{"timestamp": 2020-01-17 10:40:42,624 "level": INFO "event": Initializing Spring DispatcherServlet 'dispatcherServlet'}
{"timestamp": 2020-01-17 10:40:42,625 "level": INFO "event": Initializing Servlet 'dispatcherServlet'}
{"timestamp": 2020-01-17 10:40:42,630 "level": INFO "event": Completed initialization in 5 ms}
{"timestamp": 2020-01-17 10:40:43,100 "level": INFO "event": {name:PAYMENTSUCCESSFUL,details:{"PaymentId":1,"BeneficiaryIfscCode":"HDFC1234","PayeeIfscCode":"HDFC1234"}}}
{"timestamp": 2020-01-17 10:40:47,391 "level": INFO "event": {name:PAYMENTSUCCESSFUL,details:{"PaymentId":2,"BeneficiaryIfscCode":"HDFC1234","PayeeIfscCode":"HDFC1234"}}}
{"timestamp": 2020-01-17 10:41:38,684 "level": INFO "event": Shutting down ExecutorService 'applicationTaskExecutor'}
{"timestamp": 2020-01-17 10:41:38,687 "level": INFO "event": Closing JPA EntityManagerFactory for persistence unit 'default'}
{"timestamp": 2020-01-17 10:41:38,689 "level": INFO "event": HikariPool-1 - Shutdown initiated...}
{"timestamp": 2020-01-17 10:41:38,697 "level": INFO "event": HikariPool-1 - Shutdown completed.}
